DEPRECATION WARNING: `Module#parent` has been renamed to `module_parent`. `parent` is deprecated and will be removed in Rails 6.1. (called from <main> at bin/rails:4)
DEPRECATION WARNING: `Module#parent` has been renamed to `module_parent`. `parent` is deprecated and will be removed in Rails 6.1. (called from <main> at bin/rails:4)
DEPRECATION WARNING: `Module#parent` has been renamed to `module_parent`. `parent` is deprecated and will be removed in Rails 6.1. (called from <main> at bin/rails:4)
Started GET "/" for ::1 at 2020-10-08 10:16:31 +0530
Processing by Rails::WelcomeController#index as HTML
  Rendering /home/gandhi/.rvm/gems/ruby-2.7.1/gems/railties-6.0.3.3/lib/rails/templates/rails/welcome/index.html.erb
  Rendered /home/gandhi/.rvm/gems/ruby-2.7.1/gems/railties-6.0.3.3/lib/rails/templates/rails/welcome/index.html.erb (Duration: 39.3ms | Allocations: 404)
Completed 200 OK in 65ms (Views: 60.0ms | MongoDB: 0.0ms | Allocations: 4759)


Started GET "/posts" for ::1 at 2020-10-08 10:16:36 +0530
Processing by PostsController#index as HTML
  Rendering posts/index.html.erb within layouts/application
MONGODB | Topology type 'unknown' initializing.
MONGODB | There was a change in the members of the 'Unknown' topology.
MONGODB | Server localhost:27017 initializing.
MONGODB | Waiting for up to 3.00 seconds for servers to be scanned: #<Cluster topology=Unknown[localhost:27017] servers=[#<Server address=localhost:27017 UNKNOWN>]>
MONGODB | Server description for localhost:27017 changed from 'unknown' to 'standalone'.
MONGODB | Topology type 'Unknown' changed to type 'Single'.
MONGODB | Server description for localhost:27017 changed from 'standalone' to 'standalone'.
MONGODB | There was a change in the members of the 'Single' topology.
MONGODB | localhost:27017 req:8 conn:1:1 sconn:3 | blog_development.find | STARTED | {"find"=>"posts", "filter"=>{}, "$db"=>"blog_development", "lsid"=>{"id"=><BSON::Binary:0x13640 type=uuid data=0xaa1e54addd934f8f...>}}
MONGODB | localhost:27017 req:8 | blog_development.find | SUCCEEDED | 0.000s
  Rendered posts/index.html.erb within layouts/application (Duration: 11.4ms | Allocations: 4567)
[Webpacker] Compiling...
[Webpacker] Compiled all packs in /home/gandhi/Ruby_on_Rails/blog/public/packs
[Webpacker] Hash: 6249d34a60b5b41e803f
Version: webpack 4.44.2
Time: 982ms
Built at: 08/10/2020 10:16:38
                                     Asset       Size       Chunks                         Chunk Names
    js/application-e432d36ab9763137ce3c.js   89.1 KiB  application  [emitted] [immutable]  application
js/application-e432d36ab9763137ce3c.js.map   97.9 KiB  application  [emitted] [dev]        application
                             manifest.json  364 bytes               [emitted]              
Entrypoint application = js/application-e432d36ab9763137ce3c.js js/application-e432d36ab9763137ce3c.js.map
[./app/javascript/channels sync recursive _channel\.js$] ./app/javascript/channels sync _channel\.js$ 160 bytes {application} [built]
[./app/javascript/channels/index.js] 211 bytes {application} [built]
[./app/javascript/packs/application.js] 707 bytes {application} [built]
[./node_modules/webpack/buildin/module.js] (webpack)/buildin/module.js 552 bytes {application} [built]
    + 2 hidden modules

Completed 200 OK in 2040ms (Views: 1929.8ms | MongoDB: 0.0ms | Allocations: 32538)


Started GET "/posts/new" for ::1 at 2020-10-08 10:16:40 +0530
Processing by PostsController#new as HTML
  Rendering posts/new.html.erb within layouts/application
  Rendered posts/_form.html.erb (Duration: 143.8ms | Allocations: 8570)
  Rendered posts/new.html.erb within layouts/application (Duration: 145.2ms | Allocations: 8901)
[Webpacker] Everything's up-to-date. Nothing to do
Completed 200 OK in 152ms (Views: 150.4ms | MongoDB: 0.0ms | Allocations: 12393)


MONGODB | Server description for localhost:27017 changed from 'standalone' to 'standalone'.
MONGODB | There was a change in the members of the 'Single' topology.
MONGODB | Server description for localhost:27017 changed from 'standalone' to 'standalone' [awaited].
MONGODB | There was a change in the members of the 'Single' topology.
MONGODB | Server description for localhost:27017 changed from 'standalone' to 'standalone'.
MONGODB | There was a change in the members of the 'Single' topology.
MONGODB | Server description for localhost:27017 changed from 'standalone' to 'standalone' [awaited].
MONGODB | There was a change in the members of the 'Single' topology.
MONGODB | Server description for localhost:27017 changed from 'standalone' to 'standalone'.
MONGODB | There was a change in the members of the 'Single' topology.
MONGODB | Server description for localhost:27017 changed from 'standalone' to 'standalone' [awaited].
MONGODB | There was a change in the members of the 'Single' topology.
MONGODB | Server description for localhost:27017 changed from 'standalone' to 'standalone'.
MONGODB | There was a change in the members of the 'Single' topology.
MONGODB | Server description for localhost:27017 changed from 'standalone' to 'standalone' [awaited].
MONGODB | There was a change in the members of the 'Single' topology.
Started POST "/posts" for ::1 at 2020-10-08 10:17:20 +0530
Processing by PostsController#create as HTML
  Parameters: {"authenticity_token"=>"TkJApRR8kX+DCGAm7yMLURsFW0q7KYRVPieYoIi7587Kd79jOL57U23AZ9E4LEhkm2QkyA5aT/8EUX9siq/ZFQ==", "post"=>{"Title"=>"Hello", "Genre"=>"Romantic", "Description"=>"Something", "Number_of_pages"=>"55"}, "commit"=>"Create Post"}
MONGODB | localhost:27017 req:9 conn:1:1 sconn:3 | blog_development.insert | STARTED | {"insert"=>"posts", "ordered"=>true, "documents"=>[{"_id"=>BSON::ObjectId('5f7e99d81597aa2b08e825d5'), "Title"=>"Hello", "Genre"=>"Romantic", "Description"=>"Something", "Number_of_pages"=>55}], "$db"=>"blog_development", "lsid"=>{"id"=><BSON::Binary:...
MONGODB | localhost:27017 req:9 | blog_development.insert | SUCCEEDED | 0.425s
Redirected to http://localhost:3000/posts/5f7e99d81597aa2b08e825d5
Completed 302 Found in 430ms (MongoDB: 0.4ms | Allocations: 1759)


Started GET "/posts/5f7e99d81597aa2b08e825d5" for ::1 at 2020-10-08 10:17:20 +0530
Processing by PostsController#show as HTML
  Parameters: {"id"=>"5f7e99d81597aa2b08e825d5"}
MONGODB | localhost:27017 req:10 conn:1:1 sconn:3 | blog_development.find | STARTED | {"find"=>"posts", "filter"=>{"_id"=>BSON::ObjectId('5f7e99d81597aa2b08e825d5')}, "$db"=>"blog_development", "lsid"=>{"id"=><BSON::Binary:0x13640 type=uuid data=0xaa1e54addd934f8f...>}}
MONGODB | localhost:27017 req:10 | blog_development.find | SUCCEEDED | 0.001s
  Rendering posts/show.html.erb within layouts/application
  Rendered posts/show.html.erb within layouts/application (Duration: 1.1ms | Allocations: 312)
[Webpacker] Everything's up-to-date. Nothing to do
Completed 200 OK in 11ms (Views: 5.7ms | MongoDB: 0.0ms | Allocations: 5240)


Started GET "/posts" for ::1 at 2020-10-08 10:17:24 +0530
Processing by PostsController#index as HTML
  Rendering posts/index.html.erb within layouts/application
MONGODB | localhost:27017 req:11 conn:1:1 sconn:3 | blog_development.find | STARTED | {"find"=>"posts", "filter"=>{}, "$db"=>"blog_development", "lsid"=>{"id"=><BSON::Binary:0x13640 type=uuid data=0xaa1e54addd934f8f...>}}
MONGODB | localhost:27017 req:11 | blog_development.find | SUCCEEDED | 0.001s
  Rendered posts/index.html.erb within layouts/application (Duration: 3.2ms | Allocations: 1805)
[Webpacker] Everything's up-to-date. Nothing to do
Completed 200 OK in 8ms (Views: 7.6ms | MongoDB: 0.0ms | Allocations: 5032)


MONGODB | Server description for localhost:27017 changed from 'standalone' to 'standalone'.
MONGODB | There was a change in the members of the 'Single' topology.
MONGODB | Server description for localhost:27017 changed from 'standalone' to 'standalone' [awaited].
MONGODB | There was a change in the members of the 'Single' topology.
MONGODB | Server description for localhost:27017 changed from 'standalone' to 'standalone'.
MONGODB | There was a change in the members of the 'Single' topology.
MONGODB | Server description for localhost:27017 changed from 'standalone' to 'standalone' [awaited].
MONGODB | There was a change in the members of the 'Single' topology.
MONGODB | Server description for localhost:27017 changed from 'standalone' to 'standalone'.
MONGODB | There was a change in the members of the 'Single' topology.
MONGODB | Server description for localhost:27017 changed from 'standalone' to 'standalone' [awaited].
MONGODB | There was a change in the members of the 'Single' topology.
MONGODB | Server description for localhost:27017 changed from 'standalone' to 'standalone'.
MONGODB | There was a change in the members of the 'Single' topology.
MONGODB | Server description for localhost:27017 changed from 'standalone' to 'standalone' [awaited].
MONGODB | There was a change in the members of the 'Single' topology.
MONGODB | Server description for localhost:27017 changed from 'standalone' to 'standalone'.
MONGODB | There was a change in the members of the 'Single' topology.
MONGODB | Server description for localhost:27017 changed from 'standalone' to 'standalone' [awaited].
MONGODB | There was a change in the members of the 'Single' topology.
MONGODB | Server description for localhost:27017 changed from 'standalone' to 'standalone'.
MONGODB | There was a change in the members of the 'Single' topology.
MONGODB | Server description for localhost:27017 changed from 'standalone' to 'standalone' [awaited].
MONGODB | There was a change in the members of the 'Single' topology.
MONGODB | Server description for localhost:27017 changed from 'standalone' to 'standalone'.
MONGODB | There was a change in the members of the 'Single' topology.
MONGODB | Server description for localhost:27017 changed from 'standalone' to 'standalone' [awaited].
MONGODB | There was a change in the members of the 'Single' topology.
MONGODB | Server description for localhost:27017 changed from 'standalone' to 'standalone'.
MONGODB | There was a change in the members of the 'Single' topology.
MONGODB | Server description for localhost:27017 changed from 'standalone' to 'standalone' [awaited].
MONGODB | There was a change in the members of the 'Single' topology.
MONGODB | Server description for localhost:27017 changed from 'standalone' to 'standalone'.
MONGODB | There was a change in the members of the 'Single' topology.
MONGODB | Server description for localhost:27017 changed from 'standalone' to 'standalone' [awaited].
MONGODB | There was a change in the members of the 'Single' topology.
MONGODB | Server description for localhost:27017 changed from 'standalone' to 'standalone'.
MONGODB | There was a change in the members of the 'Single' topology.
MONGODB | Server description for localhost:27017 changed from 'standalone' to 'standalone' [awaited].
MONGODB | There was a change in the members of the 'Single' topology.
MONGODB | Server description for localhost:27017 changed from 'standalone' to 'standalone'.
MONGODB | There was a change in the members of the 'Single' topology.
MONGODB | Server description for localhost:27017 changed from 'standalone' to 'standalone' [awaited].
MONGODB | There was a change in the members of the 'Single' topology.
MONGODB | Server description for localhost:27017 changed from 'standalone' to 'standalone'.
MONGODB | There was a change in the members of the 'Single' topology.
MONGODB | Server description for localhost:27017 changed from 'standalone' to 'standalone' [awaited].
MONGODB | There was a change in the members of the 'Single' topology.
MONGODB | Server description for localhost:27017 changed from 'standalone' to 'standalone'.
MONGODB | There was a change in the members of the 'Single' topology.
MONGODB | Server description for localhost:27017 changed from 'standalone' to 'standalone' [awaited].
MONGODB | There was a change in the members of the 'Single' topology.
MONGODB | Server description for localhost:27017 changed from 'standalone' to 'standalone'.
MONGODB | There was a change in the members of the 'Single' topology.
MONGODB | Server description for localhost:27017 changed from 'standalone' to 'standalone' [awaited].
MONGODB | There was a change in the members of the 'Single' topology.
MONGODB | Server description for localhost:27017 changed from 'standalone' to 'standalone'.
MONGODB | There was a change in the members of the 'Single' topology.
MONGODB | Server description for localhost:27017 changed from 'standalone' to 'standalone' [awaited].
MONGODB | There was a change in the members of the 'Single' topology.
MONGODB | Server description for localhost:27017 changed from 'standalone' to 'standalone'.
MONGODB | There was a change in the members of the 'Single' topology.
MONGODB | Server description for localhost:27017 changed from 'standalone' to 'standalone' [awaited].
MONGODB | There was a change in the members of the 'Single' topology.
MONGODB | Server description for localhost:27017 changed from 'standalone' to 'standalone'.
MONGODB | There was a change in the members of the 'Single' topology.
MONGODB | Server description for localhost:27017 changed from 'standalone' to 'standalone' [awaited].
MONGODB | There was a change in the members of the 'Single' topology.
MONGODB | Server description for localhost:27017 changed from 'standalone' to 'standalone'.
MONGODB | There was a change in the members of the 'Single' topology.
MONGODB | Server description for localhost:27017 changed from 'standalone' to 'standalone' [awaited].
MONGODB | There was a change in the members of the 'Single' topology.
MONGODB | Server description for localhost:27017 changed from 'standalone' to 'standalone'.
MONGODB | There was a change in the members of the 'Single' topology.
MONGODB | Server description for localhost:27017 changed from 'standalone' to 'standalone' [awaited].
MONGODB | There was a change in the members of the 'Single' topology.
MONGODB | Server description for localhost:27017 changed from 'standalone' to 'standalone'.
MONGODB | There was a change in the members of the 'Single' topology.
MONGODB | Server description for localhost:27017 changed from 'standalone' to 'standalone' [awaited].
MONGODB | There was a change in the members of the 'Single' topology.
MONGODB | Server description for localhost:27017 changed from 'standalone' to 'standalone'.
MONGODB | There was a change in the members of the 'Single' topology.
MONGODB | Server description for localhost:27017 changed from 'standalone' to 'standalone' [awaited].
MONGODB | There was a change in the members of the 'Single' topology.
MONGODB | Server description for localhost:27017 changed from 'standalone' to 'standalone'.
MONGODB | There was a change in the members of the 'Single' topology.
MONGODB | Server description for localhost:27017 changed from 'standalone' to 'standalone' [awaited].
MONGODB | There was a change in the members of the 'Single' topology.
MONGODB | Server description for localhost:27017 changed from 'standalone' to 'standalone'.
MONGODB | There was a change in the members of the 'Single' topology.
MONGODB | Server description for localhost:27017 changed from 'standalone' to 'standalone' [awaited].
MONGODB | There was a change in the members of the 'Single' topology.
MONGODB | Server description for localhost:27017 changed from 'standalone' to 'standalone'.
MONGODB | There was a change in the members of the 'Single' topology.
MONGODB | Server description for localhost:27017 changed from 'standalone' to 'standalone' [awaited].
MONGODB | There was a change in the members of the 'Single' topology.
MONGODB | Server description for localhost:27017 changed from 'standalone' to 'standalone'.
MONGODB | There was a change in the members of the 'Single' topology.
MONGODB | Server description for localhost:27017 changed from 'standalone' to 'standalone' [awaited].
MONGODB | There was a change in the members of the 'Single' topology.
MONGODB | Server description for localhost:27017 changed from 'standalone' to 'standalone'.
MONGODB | There was a change in the members of the 'Single' topology.
MONGODB | Server description for localhost:27017 changed from 'standalone' to 'standalone' [awaited].
MONGODB | There was a change in the members of the 'Single' topology.
MONGODB | Server description for localhost:27017 changed from 'standalone' to 'standalone'.
MONGODB | There was a change in the members of the 'Single' topology.
MONGODB | Server description for localhost:27017 changed from 'standalone' to 'standalone' [awaited].
MONGODB | There was a change in the members of the 'Single' topology.
MONGODB | Server description for localhost:27017 changed from 'standalone' to 'standalone'.
MONGODB | There was a change in the members of the 'Single' topology.
MONGODB | Server description for localhost:27017 changed from 'standalone' to 'standalone' [awaited].
MONGODB | There was a change in the members of the 'Single' topology.
MONGODB | Server description for localhost:27017 changed from 'standalone' to 'standalone'.
MONGODB | There was a change in the members of the 'Single' topology.
MONGODB | Server description for localhost:27017 changed from 'standalone' to 'standalone' [awaited].
MONGODB | There was a change in the members of the 'Single' topology.
MONGODB | Server description for localhost:27017 changed from 'standalone' to 'standalone'.
MONGODB | There was a change in the members of the 'Single' topology.
MONGODB | Server description for localhost:27017 changed from 'standalone' to 'standalone' [awaited].
MONGODB | There was a change in the members of the 'Single' topology.
MONGODB | Server description for localhost:27017 changed from 'standalone' to 'standalone'.
MONGODB | There was a change in the members of the 'Single' topology.
MONGODB | Server description for localhost:27017 changed from 'standalone' to 'standalone' [awaited].
MONGODB | There was a change in the members of the 'Single' topology.
MONGODB | Server description for localhost:27017 changed from 'standalone' to 'standalone'.
MONGODB | There was a change in the members of the 'Single' topology.
MONGODB | Server description for localhost:27017 changed from 'standalone' to 'standalone' [awaited].
MONGODB | There was a change in the members of the 'Single' topology.
MONGODB | Server description for localhost:27017 changed from 'standalone' to 'standalone'.
MONGODB | There was a change in the members of the 'Single' topology.
MONGODB | Server description for localhost:27017 changed from 'standalone' to 'standalone' [awaited].
MONGODB | There was a change in the members of the 'Single' topology.
MONGODB | Server description for localhost:27017 changed from 'standalone' to 'standalone'.
MONGODB | There was a change in the members of the 'Single' topology.
MONGODB | Server description for localhost:27017 changed from 'standalone' to 'standalone' [awaited].
MONGODB | There was a change in the members of the 'Single' topology.
MONGODB | Server description for localhost:27017 changed from 'standalone' to 'standalone'.
MONGODB | There was a change in the members of the 'Single' topology.
MONGODB | Server description for localhost:27017 changed from 'standalone' to 'standalone' [awaited].
MONGODB | There was a change in the members of the 'Single' topology.
MONGODB | Server description for localhost:27017 changed from 'standalone' to 'standalone'.
MONGODB | There was a change in the members of the 'Single' topology.
MONGODB | Server description for localhost:27017 changed from 'standalone' to 'standalone' [awaited].
MONGODB | There was a change in the members of the 'Single' topology.
MONGODB | Server description for localhost:27017 changed from 'standalone' to 'standalone'.
MONGODB | There was a change in the members of the 'Single' topology.
MONGODB | Server description for localhost:27017 changed from 'standalone' to 'standalone' [awaited].
MONGODB | There was a change in the members of the 'Single' topology.
MONGODB | Server description for localhost:27017 changed from 'standalone' to 'standalone'.
MONGODB | There was a change in the members of the 'Single' topology.
MONGODB | Server description for localhost:27017 changed from 'standalone' to 'standalone' [awaited].
MONGODB | There was a change in the members of the 'Single' topology.
MONGODB | Server description for localhost:27017 changed from 'standalone' to 'standalone'.
MONGODB | There was a change in the members of the 'Single' topology.
MONGODB | Server description for localhost:27017 changed from 'standalone' to 'standalone' [awaited].
MONGODB | There was a change in the members of the 'Single' topology.
MONGODB | Server description for localhost:27017 changed from 'standalone' to 'standalone'.
MONGODB | There was a change in the members of the 'Single' topology.
MONGODB | Server description for localhost:27017 changed from 'standalone' to 'standalone' [awaited].
MONGODB | There was a change in the members of the 'Single' topology.
MONGODB | Server description for localhost:27017 changed from 'standalone' to 'standalone'.
MONGODB | There was a change in the members of the 'Single' topology.
MONGODB | Server description for localhost:27017 changed from 'standalone' to 'standalone' [awaited].
MONGODB | There was a change in the members of the 'Single' topology.
